<?xml version="1.0"?><coverage lines-covered="2" lines-valid="2" line-rate="1" branches-covered="0" branches-valid="0" branch-rate="0" complexity="0" version="1.9" timestamp="1717987929"><sources><source>/home/simon/projects/simonhyll/simonhyll</source></sources><packages><package name="packages/create-simon/src" line-rate="0" branch-rate="0" complexity="0"><classes></classes></package><package name="packages/create-simon" line-rate="0" branch-rate="0" complexity="0"><classes></classes></package><package name="docs/src-tauri/src" line-rate="0" branch-rate="0" complexity="0"><classes></classes></package><package name="docs/src-tauri" line-rate="0" branch-rate="0" complexity="0"><classes></classes></package><package name="crates/simonhyll-cli/src" line-rate="1" branch-rate="0" complexity="0"><classes><class name="lib" filename="crates/simonhyll-cli/src/lib.rs" line-rate="1" branch-rate="0" complexity="0"><methods/><lines><line number="1" hits="3"/><line number="2" hits="1"/></lines></class></classes></package></packages></coverage>
